2025-06-24 18:12:31 — INFO — Running with edr=0.19.0
2025-06-24 18:13:30 — INFO — Running with edr=0.19.0
2025-06-24 18:13:40 — INFO — Running with edr=0.19.0
2025-06-24 18:14:41 — INFO — Running with edr=0.19.0
2025-06-24 18:34:19 — INFO — Running with edr=0.19.0
2025-06-24 18:35:55 — INFO — Running with edr=0.19.0
2025-06-24 18:35:55 — INFO — Installing packages for edr internal dbt package...
2025-06-24 18:35:55 — INFO — Running dbt command --log-format json deps --project-dir /home/jules/.pyenv/versions/3.12.11/lib/python3.12/site-packages/elementary/monitor/dbt_project --profiles-dir /app --target dev
2025-06-24 18:35:57 — DEBUG — Running dbt command --log-format json run-operation elementary.log_macro_results --args {"macro_name": "elementary_cli.get_latest_invocation", "macro_args": {}} --project-dir /home/jules/.pyenv/versions/3.12.11/lib/python3.12/site-packages/elementary/monitor/dbt_project --profiles-dir /app --target dev
[31;20m2025-06-24 18:35:57 — ERROR — Unable to get the latest invocation: Failed to run dbt command.
Runtime Error
  Could not find profile named 'elementary'[0m
2025-06-24 18:35:57 — DEBUG — Running dbt command --log-format json run-operation elementary.log_macro_results --args {"macro_name": "elementary_cli.get_adapter_type_and_unique_id", "macro_args": {}} --project-dir /home/jules/.pyenv/versions/3.12.11/lib/python3.12/site-packages/elementary/monitor/dbt_project --profiles-dir /app --target dev
2025-06-24 18:35:57 — DEBUG — Could not get warehouse info.
Traceback (most recent call last):
  File "/home/jules/.pyenv/versions/3.12.11/lib/python3.12/site-packages/elementary/monitor/data_monitoring/data_monitoring.py", line 140, in _get_warehouse_info
    self.internal_dbt_runner.run_operation(
  File "/home/jules/.pyenv/versions/3.12.11/lib/python3.12/site-packages/elementary/clients/dbt/command_line_dbt_runner.py", line 177, in run_operation
    result = self._run_command(
             ^^^^^^^^^^^^^^^^^^
  File "/home/jules/.pyenv/versions/3.12.11/lib/python3.12/site-packages/elementary/clients/dbt/command_line_dbt_runner.py", line 114, in _run_command
    result = self._inner_run_command(
             ^^^^^^^^^^^^^^^^^^^^^^^^
  File "/home/jules/.pyenv/versions/3.12.11/lib/python3.12/site-packages/elementary/clients/dbt/api_dbt_runner.py", line 54, in _inner_run_command
    raise DbtCommandError(
elementary.exceptions.exceptions.DbtCommandError: Failed to run dbt command.
Runtime Error
  Could not find profile named 'elementary'
2025-06-24 18:35:57 — DEBUG — Running dbt command --log-format json run-operation elementary.log_macro_results --args {"macro_name": "elementary_cli.get_elementary_database_and_schema", "macro_args": {}} --project-dir /home/jules/.pyenv/versions/3.12.11/lib/python3.12/site-packages/elementary/monitor/dbt_project --profiles-dir /app --target dev
[31;20m2025-06-24 18:35:57 — ERROR — Failed to parse Elementary's database and schema.[0m
2025-06-24 18:35:57 — INFO — Running internal dbt run to populate alerts
2025-06-24 18:35:57 — INFO — Running dbt command run -m elementary_cli.alerts.alerts_v2 --project-dir /home/jules/.pyenv/versions/3.12.11/lib/python3.12/site-packages/elementary/monitor/dbt_project --profiles-dir /app --target dev --vars {"days_back": 1}
2025-06-24 18:37:18 — INFO — Running with edr=0.19.0
2025-06-24 18:37:18 — DEBUG — Running dbt command --log-format json run-operation elementary.log_macro_results --args {"macro_name": "elementary_cli.get_latest_invocation", "macro_args": {}} --project-dir /home/jules/.pyenv/versions/3.12.11/lib/python3.12/site-packages/elementary/monitor/dbt_project --profiles-dir /app --target dev
[31;20m2025-06-24 18:37:22 — ERROR — Unable to get the latest invocation: Failed to run dbt command.
Runtime Error
  Credentials in profile "elementary", target "dev" invalid: Runtime Error
    Got duplicate keys: (dataset) all map to "schema"[0m
2025-06-24 18:37:22 — DEBUG — Running dbt command --log-format json run-operation elementary.log_macro_results --args {"macro_name": "elementary_cli.get_adapter_type_and_unique_id", "macro_args": {}} --project-dir /home/jules/.pyenv/versions/3.12.11/lib/python3.12/site-packages/elementary/monitor/dbt_project --profiles-dir /app --target dev
2025-06-24 18:37:23 — DEBUG — Could not get warehouse info.
Traceback (most recent call last):
  File "/home/jules/.pyenv/versions/3.12.11/lib/python3.12/site-packages/elementary/monitor/data_monitoring/data_monitoring.py", line 140, in _get_warehouse_info
    self.internal_dbt_runner.run_operation(
  File "/home/jules/.pyenv/versions/3.12.11/lib/python3.12/site-packages/elementary/clients/dbt/command_line_dbt_runner.py", line 177, in run_operation
    result = self._run_command(
             ^^^^^^^^^^^^^^^^^^
  File "/home/jules/.pyenv/versions/3.12.11/lib/python3.12/site-packages/elementary/clients/dbt/command_line_dbt_runner.py", line 114, in _run_command
    result = self._inner_run_command(
             ^^^^^^^^^^^^^^^^^^^^^^^^
  File "/home/jules/.pyenv/versions/3.12.11/lib/python3.12/site-packages/elementary/clients/dbt/api_dbt_runner.py", line 54, in _inner_run_command
    raise DbtCommandError(
elementary.exceptions.exceptions.DbtCommandError: Failed to run dbt command.
Runtime Error
  Credentials in profile "elementary", target "dev" invalid: Runtime Error
    Got duplicate keys: (dataset) all map to "schema"
2025-06-24 18:37:23 — DEBUG — Running dbt command --log-format json run-operation elementary.log_macro_results --args {"macro_name": "elementary_cli.get_elementary_database_and_schema", "macro_args": {}} --project-dir /home/jules/.pyenv/versions/3.12.11/lib/python3.12/site-packages/elementary/monitor/dbt_project --profiles-dir /app --target dev
[31;20m2025-06-24 18:37:23 — ERROR — Failed to parse Elementary's database and schema.[0m
2025-06-24 18:37:23 — INFO — Running internal dbt run to populate alerts
2025-06-24 18:37:23 — INFO — Running dbt command run -m elementary_cli.alerts.alerts_v2 --project-dir /home/jules/.pyenv/versions/3.12.11/lib/python3.12/site-packages/elementary/monitor/dbt_project --profiles-dir /app --target dev --vars {"days_back": 1}
2025-06-24 18:38:20 — INFO — Running with edr=0.19.0
2025-06-24 18:38:20 — DEBUG — Running dbt command --log-format json run-operation elementary.log_macro_results --args {"macro_name": "elementary_cli.get_latest_invocation", "macro_args": {}} --project-dir /home/jules/.pyenv/versions/3.12.11/lib/python3.12/site-packages/elementary/monitor/dbt_project --profiles-dir /app --target dev
2025-06-24 18:38:33 — DEBUG — Result bytes size for command '['--log-format', 'json', 'run-operation', 'elementary.log_macro_results', '--args', '{"macro_name": "elementary_cli.get_latest_invocation", "macro_args": {}}', '--project-dir', '/home/jules/.pyenv/versions/3.12.11/lib/python3.12/site-packages/elementary/monitor/dbt_project', '--profiles-dir', '/app', '--target', 'dev']' is 269
[31;20m2025-06-24 18:38:33 — ERROR — Unable to get the latest invocation: list index out of range[0m
2025-06-24 18:38:33 — DEBUG — Running dbt command --log-format json run-operation elementary.log_macro_results --args {"macro_name": "elementary_cli.get_adapter_type_and_unique_id", "macro_args": {}} --project-dir /home/jules/.pyenv/versions/3.12.11/lib/python3.12/site-packages/elementary/monitor/dbt_project --profiles-dir /app --target dev
2025-06-24 18:38:33 — DEBUG — Result bytes size for command '['--log-format', 'json', 'run-operation', 'elementary.log_macro_results', '--args', '{"macro_name": "elementary_cli.get_adapter_type_and_unique_id", "macro_args": {}}', '--project-dir', '/home/jules/.pyenv/versions/3.12.11/lib/python3.12/site-packages/elementary/monitor/dbt_project', '--profiles-dir', '/app', '--target', 'dev']' is 459
2025-06-24 18:38:33 — DEBUG — Running dbt command --log-format json run-operation elementary.log_macro_results --args {"macro_name": "elementary_cli.get_elementary_database_and_schema", "macro_args": {}} --project-dir /home/jules/.pyenv/versions/3.12.11/lib/python3.12/site-packages/elementary/monitor/dbt_project --profiles-dir /app --target dev
2025-06-24 18:38:34 — DEBUG — Result bytes size for command '['--log-format', 'json', 'run-operation', 'elementary.log_macro_results', '--args', '{"macro_name": "elementary_cli.get_elementary_database_and_schema", "macro_args": {}}', '--project-dir', '/home/jules/.pyenv/versions/3.12.11/lib/python3.12/site-packages/elementary/monitor/dbt_project', '--profiles-dir', '/app', '--target', 'dev']' is 449
2025-06-24 18:38:34 — INFO — Elementary's database and schema: '"free-180413.elementary"'
2025-06-24 18:38:34 — INFO — Running internal dbt run to populate alerts
2025-06-24 18:38:34 — INFO — Running dbt command run -m elementary_cli.alerts.alerts_v2 --project-dir /home/jules/.pyenv/versions/3.12.11/lib/python3.12/site-packages/elementary/monitor/dbt_project --profiles-dir /app --target dev --vars {"days_back": 1}
2025-06-24 18:44:44 — INFO — Running with edr=0.19.0
2025-06-24 18:44:44 — DEBUG — Running dbt command --log-format json run-operation elementary.log_macro_results --args {"macro_name": "elementary_cli.get_latest_invocation", "macro_args": {}} --project-dir /home/jules/.pyenv/versions/3.12.11/lib/python3.12/site-packages/elementary/monitor/dbt_project --profiles-dir /app --target dev
2025-06-24 18:44:57 — DEBUG — Result bytes size for command '['--log-format', 'json', 'run-operation', 'elementary.log_macro_results', '--args', '{"macro_name": "elementary_cli.get_latest_invocation", "macro_args": {}}', '--project-dir', '/home/jules/.pyenv/versions/3.12.11/lib/python3.12/site-packages/elementary/monitor/dbt_project', '--profiles-dir', '/app', '--target', 'dev']' is 269
[31;20m2025-06-24 18:44:57 — ERROR — Unable to get the latest invocation: list index out of range[0m
2025-06-24 18:44:57 — DEBUG — Running dbt command --log-format json run-operation elementary.log_macro_results --args {"macro_name": "elementary_cli.get_adapter_type_and_unique_id", "macro_args": {}} --project-dir /home/jules/.pyenv/versions/3.12.11/lib/python3.12/site-packages/elementary/monitor/dbt_project --profiles-dir /app --target dev
2025-06-24 18:44:58 — DEBUG — Result bytes size for command '['--log-format', 'json', 'run-operation', 'elementary.log_macro_results', '--args', '{"macro_name": "elementary_cli.get_adapter_type_and_unique_id", "macro_args": {}}', '--project-dir', '/home/jules/.pyenv/versions/3.12.11/lib/python3.12/site-packages/elementary/monitor/dbt_project', '--profiles-dir', '/app', '--target', 'dev']' is 459
2025-06-24 18:44:58 — DEBUG — Running dbt command --log-format json run-operation elementary.log_macro_results --args {"macro_name": "elementary_cli.get_elementary_database_and_schema", "macro_args": {}} --project-dir /home/jules/.pyenv/versions/3.12.11/lib/python3.12/site-packages/elementary/monitor/dbt_project --profiles-dir /app --target dev
2025-06-24 18:44:59 — DEBUG — Result bytes size for command '['--log-format', 'json', 'run-operation', 'elementary.log_macro_results', '--args', '{"macro_name": "elementary_cli.get_elementary_database_and_schema", "macro_args": {}}', '--project-dir', '/home/jules/.pyenv/versions/3.12.11/lib/python3.12/site-packages/elementary/monitor/dbt_project', '--profiles-dir', '/app', '--target', 'dev']' is 449
2025-06-24 18:44:59 — INFO — Elementary's database and schema: '"free-180413.elementary"'
2025-06-24 18:44:59 — INFO — Running internal dbt run to populate alerts
2025-06-24 18:44:59 — INFO — Running dbt command run -m elementary_cli.alerts.alerts_v2 --project-dir /home/jules/.pyenv/versions/3.12.11/lib/python3.12/site-packages/elementary/monitor/dbt_project --profiles-dir /app --target dev --vars {"days_back": 1}
